###############################################################################
#
# IAR ANSI C/C++ Compiler V8.40.2.214/W32 for ARM         02/Jun/2020  19:46:33
# Copyright 1999-2019 IAR Systems AB.
#
#    Cpu mode     =  
#    Endian       =  little
#    Source file  =
#        D:\kurs_master_v3\KURSOVOY-master\Kurs_Bluetooth-master\Kurs-Kurs\Kursovoy-master\MyTask\DisplayDirector.cpp
#    Command line =
#        -f C:\Users\User\AppData\Local\Temp\EW7E02.tmp
#        (D:\kurs_master_v3\KURSOVOY-master\Kurs_Bluetooth-master\Kurs-Kurs\Kursovoy-master\MyTask\DisplayDirector.cpp
#        -lC
#        D:\kurs_master_v3\KURSOVOY-master\Kurs_Bluetooth-master\Kurs-Kurs\Kursovoy-master\Debug\List
#        -lA
#        D:\kurs_master_v3\KURSOVOY-master\Kurs_Bluetooth-master\Kurs-Kurs\Kursovoy-master\Debug\List
#        -o
#        D:\kurs_master_v3\KURSOVOY-master\Kurs_Bluetooth-master\Kurs-Kurs\Kursovoy-master\Debug\Obj
#        --no_cse --no_unroll --no_inline --no_code_motion --no_tbaa
#        --no_clustering --no_scheduling --debug --endian=little
#        --cpu=Cortex-M4 -e --fpu=VFPv4_sp --dlib_config
#        D:\Kolody\iarn\arm\inc\c\DLib_Config_Normal.h -I
#        D:\kurs_master_v3\KURSOVOY-master\Kurs_Bluetooth-master\Kurs-Kurs\Kursovoy-master\Rtos\
#        -I
#        D:\kurs_master_v3\KURSOVOY-master\Kurs_Bluetooth-master\Kurs-Kurs\Kursovoy-master\Rtos\wrapper\
#        -I
#        D:\kurs_master_v3\KURSOVOY-master\Kurs_Bluetooth-master\Kurs-Kurs\Kursovoy-master\Rtos\wrapper\FreeRtos\
#        -I
#        D:\kurs_master_v3\KURSOVOY-master\Kurs_Bluetooth-master\Kurs-Kurs\Kursovoy-master\Rtos\FreeRtos\
#        -I
#        D:\kurs_master_v3\KURSOVOY-master\Kurs_Bluetooth-master\Kurs-Kurs\Kursovoy-master\Rtos\FreeRtos\include\
#        -I
#        D:\kurs_master_v3\KURSOVOY-master\Kurs_Bluetooth-master\Kurs-Kurs\Kursovoy-master\Rtos\FreeRtos\portable\
#        -I
#        D:\kurs_master_v3\KURSOVOY-master\Kurs_Bluetooth-master\Kurs-Kurs\Kursovoy-master\Rtos\FreeRtos\portable\Common\
#        -I
#        D:\kurs_master_v3\KURSOVOY-master\Kurs_Bluetooth-master\Kurs-Kurs\Kursovoy-master\Rtos\FreeRtos\portable\IAR\
#        -I
#        D:\kurs_master_v3\KURSOVOY-master\Kurs_Bluetooth-master\Kurs-Kurs\Kursovoy-master\Rtos\FreeRtos\portable\IAR\ARM_CM4F\
#        -I
#        D:\kurs_master_v3\KURSOVOY-master\Kurs_Bluetooth-master\Kurs-Kurs\Kursovoy-master\Rtos\FreeRtos\portable\MemMang\
#        -I
#        D:\kurs_master_v3\KURSOVOY-master\Kurs_Bluetooth-master\Kurs-Kurs\Kursovoy-master\MyTasks\
#        -I
#        D:\kurs_master_v3\KURSOVOY-master\Kurs_Bluetooth-master\Kurs-Kurs\Kursovoy-master\Common\
#        -I
#        D:\kurs_master_v3\KURSOVOY-master\Kurs_Bluetooth-master\Kurs-Kurs\Kursovoy-master\CMSIS\
#        -I
#        D:\kurs_master_v3\KURSOVOY-master\Kurs_Bluetooth-master\Kurs-Kurs\Kursovoy-master\Application\
#        -I
#        D:\kurs_master_v3\KURSOVOY-master\Kurs_Bluetooth-master\Kurs-Kurs\Kursovoy-master\Application\Diagnostic\
#        -I
#        D:\kurs_master_v3\KURSOVOY-master\Kurs_Bluetooth-master\Kurs-Kurs\Kursovoy-master\AHardware\
#        -I
#        D:\kurs_master_v3\KURSOVOY-master\Kurs_Bluetooth-master\Kurs-Kurs\Kursovoy-master\AHardware\GpioPort\
#        -I
#        D:\kurs_master_v3\KURSOVOY-master\Kurs_Bluetooth-master\Kurs-Kurs\Kursovoy-master\AHardware\IrqController\
#        -I
#        D:\kurs_master_v3\KURSOVOY-master\Kurs_Bluetooth-master\Kurs-Kurs\Kursovoy-master\..\CortexLib\AbstractHardware\Pin\
#        -I
#        D:\kurs_master_v3\KURSOVOY-master\Kurs_Bluetooth-master\Kurs-Kurs\Kursovoy-master\..\CortexLib\AbstractHardware\Registers\STM32F411\FieldValues\
#        -I
#        D:\kurs_master_v3\KURSOVOY-master\Kurs_Bluetooth-master\Kurs-Kurs\Kursovoy-master\..\CortexLib\AbstractHardware\Registers\STM32F411\
#        -I
#        D:\kurs_master_v3\KURSOVOY-master\Kurs_Bluetooth-master\Kurs-Kurs\Kursovoy-master\..\CortexLib\AbstractHardware\Registers\
#        -I
#        D:\kurs_master_v3\KURSOVOY-master\Kurs_Bluetooth-master\Kurs-Kurs\Kursovoy-master\..\CortexLib\AbstractHardware\Port\
#        -I
#        D:\kurs_master_v3\KURSOVOY-master\Kurs_Bluetooth-master\Kurs-Kurs\Kursovoy-master\..\CortexLib\AbstractHardware\Atomic\
#        -I
#        D:\kurs_master_v3\KURSOVOY-master\Kurs_Bluetooth-master\Kurs-Kurs\Kursovoy-master\..\CortexLib\Common\
#        -I
#        D:\kurs_master_v3\KURSOVOY-master\Kurs_Bluetooth-master\Kurs-Kurs\Kursovoy-master\..\CortexLib\Common\Singleton\
#        -I
#        D:\kurs_master_v3\KURSOVOY-master\Kurs_Bluetooth-master\Kurs-Kurs\Kursovoy-master\..\CortexLib\AbstractHardware\Spi\
#        -I
#        D:\kurs_master_v3\KURSOVOY-master\Kurs_Bluetooth-master\Kurs-Kurs\Kursovoy-master\AHardware\
#        -I
#        D:\kurs_master_v3\KURSOVOY-master\Kurs_Bluetooth-master\Kurs-Kurs\Kursovoy-master\..\CortexLib\Common\
#        -I
#        D:\kurs_master_v3\KURSOVOY-master\Kurs_Bluetooth-master\Kurs-Kurs\Kursovoy-master\MyTask\
#        -I
#        D:\kurs_master_v3\KURSOVOY-master\Kurs_Bluetooth-master\Kurs-Kurs\Kursovoy-master\AHardware\Fonts\
#        -Ol --c++ --no_exceptions --no_rtti)
#    Locale       =  C
#    List file    =
#        D:\kurs_master_v3\KURSOVOY-master\Kurs_Bluetooth-master\Kurs-Kurs\Kursovoy-master\Debug\List\DisplayDirector.lst
#    Object file  =
#        D:\kurs_master_v3\KURSOVOY-master\Kurs_Bluetooth-master\Kurs-Kurs\Kursovoy-master\Debug\Obj\DisplayDirector.o
#
###############################################################################

D:\kurs_master_v3\KURSOVOY-master\Kurs_Bluetooth-master\Kurs-Kurs\Kursovoy-master\MyTask\DisplayDirector.cpp
      1          #include "DisplayDirector.hpp" 

   \                                 In section .text, align 2
   \   __interwork __vfp char *std::_Addressof<char>(char &, std::false_type)
   \                     _ZSt10_AddressofIcEPT_RS0_St17integral_constantIbLb0EE: (+1)
   \        0x0   0x4770             BX       LR               ;; return

   \                                 In section .text, align 2
   \   __interwork __vfp char *std::addressof<char>(char &)
   \                     _ZSt9addressofIcEPT_RS0_: (+1)
   \        0x0   0xB580             PUSH     {R7,LR}
   \        0x2   0x....'....        BL       _ZSt10_AddressofIcEPT_RS0_St17integral_constantIbLb0EE
   \        0x6   0xBD02             POP      {R1,PC}          ;; return

   \                                 In section .text, align 2
   \   __interwork __vfp SusuString<5U> &std::forward<SusuString<5U> &>(SusuString<5U> &)
   \                     _ZSt7forwardIR10SusuStringILj5EEEOT_RNSt16remove_referenceIS3_E4typeE: (+1)
   \        0x0   0x4770             BX       LR               ;; return

   \                                 In section .text, align 2
   \   __interwork __vfp float &std::forward<float &>(float &)
   \                     _ZSt7forwardIRfEOT_RNSt16remove_referenceIS1_E4typeE: (+1)
   \        0x0   0x4770             BX       LR               ;; return

   \                                 In section .text, align 2
   \   __code __interwork __vfp std::pair<SusuString<5U>, float>::pair<SusuString<5U> &, float &, void>(SusuString<5U> &, float &)
   \                     _ZNSt4pairI10SusuStringILj5EEfEC1IRS1_RfvEEOT_OT0_: (+1)
   \        0x0   0xB538             PUSH     {R3-R5,LR}
   \        0x2   0x0004             MOVS     R4,R0
   \        0x4   0x0015             MOVS     R5,R2
   \        0x6   0x0008             MOVS     R0,R1
   \        0x8   0x....'....        BL       _ZSt7forwardIR10SusuStringILj5EEEOT_RNSt16remove_referenceIS3_E4typeE
   \        0xC   0xE890 0x000E      LDM      R0,{R1-R3}
   \       0x10   0xE884 0x000E      STM      R4,{R1-R3}
   \       0x14   0x0028             MOVS     R0,R5
   \       0x16   0x....'....        BL       _ZSt7forwardIRfEOT_RNSt16remove_referenceIS1_E4typeE
   \       0x1A   0x6800             LDR      R0,[R0, #+0]
   \       0x1C   0x60E0             STR      R0,[R4, #+12]
   \       0x1E   0x0020             MOVS     R0,R4
   \       0x20   0xBD32             POP      {R1,R4,R5,PC}    ;; return

   \                                 In section .text, align 2
   \   __interwork __vfp std::pair<SusuString<5U>, float> std::make_pair<SusuString<5U> &, float &>(SusuString<5U> &, float &)
   \                     _ZSt9make_pairIR10SusuStringILj5EERfESt4pairINSt10_UnrefwrapIT_E4typeENS5_IT0_E4typeEEOS6_OS9_: (+1)
   \        0x0   0xB57F             PUSH     {R0-R6,LR}
   \        0x2   0x0004             MOVS     R4,R0
   \        0x4   0x000D             MOVS     R5,R1
   \        0x6   0x0010             MOVS     R0,R2
   \        0x8   0x....'....        BL       _ZSt7forwardIRfEOT_RNSt16remove_referenceIS1_E4typeE
   \        0xC   0x0006             MOVS     R6,R0
   \        0xE   0x0028             MOVS     R0,R5
   \       0x10   0x....'....        BL       _ZSt7forwardIR10SusuStringILj5EEEOT_RNSt16remove_referenceIS3_E4typeE
   \       0x14   0x0032             MOVS     R2,R6
   \       0x16   0x0001             MOVS     R1,R0
   \       0x18   0x4668             MOV      R0,SP
   \       0x1A   0x....'....        BL       _ZNSt4pairI10SusuStringILj5EEfEC1IRS1_RfvEEOT_OT0_
   \       0x1E   0x0001             MOVS     R1,R0
   \       0x20   0x0020             MOVS     R0,R4
   \       0x22   0x2210             MOVS     R2,#+16
   \       0x24   0x....'....        BL       __aeabi_memcpy4
   \       0x28   0xBD7F             POP      {R0-R6,PC}       ;; return

   \                                 In section .text, align 2
   \   __interwork __vfp SusuString<5U> const &std::_Pair_get<SusuString<5U> const &, std::pair<SusuString<5U>, float> const>(std::pair<SusuString<5U>, float> const &, std::integral_constant<size_t, 0U>)
   \                     _ZSt9_Pair_getIRK10SusuStringILj5EEKSt4pairIS1_fEET_RT0_St17integral_constantIjLj0EE: (+1)
   \        0x0   0x4770             BX       LR               ;; return

   \                                 In section .text, align 2
   \   __interwork __vfp float const &std::_Pair_get<float const &, std::pair<SusuString<5U>, float> const>(std::pair<SusuString<5U>, float> const &, std::integral_constant<size_t, 1U>)
   \                     _ZSt9_Pair_getIRKfKSt4pairI10SusuStringILj5EEfEET_RT0_St17integral_constantIjLj1EE: (+1)
   \        0x0   0x300C             ADDS     R0,R0,#+12
   \        0x2   0x4770             BX       LR               ;; return

   \                                 In section .text, align 2
   \   __interwork __vfp float const &std::get<1U, SusuString<5U>, float>(std::pair<SusuString<5U>, float> const &)
   \                     _ZSt3getILj1E10SusuStringILj5EEfERKNSt13tuple_elementIXT_ESt4pairIT0_T1_EE4typeERKS6_: (+1)
   \        0x0   0xB580             PUSH     {R7,LR}
   \        0x2   0x....'....        BL       _ZSt9_Pair_getIRKfKSt4pairI10SusuStringILj5EEfEET_RT0_St17integral_constantIjLj1EE
   \        0x6   0xBD02             POP      {R1,PC}          ;; return

   \                                 In section .text, align 2
   \   __interwork __vfp SusuString<5U> const &std::get<0U, SusuString<5U>, float>(std::pair<SusuString<5U>, float> const &)
   \                     _ZSt3getILj0E10SusuStringILj5EEfERKNSt13tuple_elementIXT_ESt4pairIT0_T1_EE4typeERKS6_: (+1)
   \        0x0   0xB580             PUSH     {R7,LR}
   \        0x2   0x....'....        BL       _ZSt9_Pair_getIRK10SusuStringILj5EEKSt4pairIS1_fEET_RT0_St17integral_constantIjLj0EE
   \        0x6   0xBD02             POP      {R1,PC}          ;; return

   \                                 In section .text, align 2
   \   __interwork __vfp char const *std::_Unchecked<char const *>(char const *)
   \                     _ZSt10_UncheckedIPKcET_S2_: (+1)
   \        0x0   0x4770             BX       LR               ;; return

   \                                 In section .text, align 2
   \   __interwork __vfp std::_Scalar_ptr_iterator_tag std::_Ptr_cat(char const *, char *)
   \                     _ZSt8_Ptr_catPKcPc: (+1)
   \        0x0   0x4770             BX       LR               ;; return

   \                                 In section .text, align 2
   \   __code __interwork __vfp std::_Array_const_iterator<char, 40U>::_Array_const_iterator(char const *, size_t)
   \                     _ZNSt21_Array_const_iteratorIcLj40EEC1EPKcj: (+1)
   \        0x0   0x4411             ADD      R1,R1,R2
   \        0x2   0x6001             STR      R1,[R0, #+0]
   \        0x4   0x4770             BX       LR               ;; return

   \                                 In section .text, align 2
   \   __code __interwork __vfp std::_Array_const_iterator<char, 5U>::_Array_const_iterator(char const *, size_t)
   \                     _ZNSt21_Array_const_iteratorIcLj5EEC1EPKcj: (+1)
   \        0x0   0x4411             ADD      R1,R1,R2
   \        0x2   0x6001             STR      R1,[R0, #+0]
   \        0x4   0x4770             BX       LR               ;; return

   \                                 In section .text, align 2
   \   __code __interwork __vfp std::_Array_const_iterator<char, 40U>::subobject _Array_const_iterator(char const *, size_t)
   \                     _ZNSt21_Array_const_iteratorIcLj40EEC2EPKcj: (+1)
   \        0x0   0xB580             PUSH     {R7,LR}
   \        0x2   0x....'....        BL       _ZNSt21_Array_const_iteratorIcLj40EEC1EPKcj
   \        0x6   0xBD02             POP      {R1,PC}          ;; return

   \                                 In section .text, align 2
   \   __code __interwork __vfp std::_Array_const_iterator<char, 5U>::subobject _Array_const_iterator(char const *, size_t)
   \                     _ZNSt21_Array_const_iteratorIcLj5EEC2EPKcj: (+1)
   \        0x0   0xB580             PUSH     {R7,LR}
   \        0x2   0x....'....        BL       _ZNSt21_Array_const_iteratorIcLj5EEC1EPKcj
   \        0x6   0xBD02             POP      {R1,PC}          ;; return

   \                                 In section .text, align 2
   \   __interwork __vfp std::_Array_const_iterator<char, 40U> &std::_Array_const_iterator<char, 40U>::_Rechecked(char const *)
   \                     _ZNSt21_Array_const_iteratorIcLj40EE10_RecheckedEPKc: (+1)
   \        0x0   0x6001             STR      R1,[R0, #+0]
   \        0x2   0x4770             BX       LR               ;; return

   \                                 In section .text, align 2
   \   __interwork __vfp std::_Array_const_iterator<char, 5U> &std::_Array_const_iterator<char, 5U>::_Rechecked(char const *)
   \                     _ZNSt21_Array_const_iteratorIcLj5EE10_RecheckedEPKc: (+1)
   \        0x0   0x6001             STR      R1,[R0, #+0]
   \        0x2   0x4770             BX       LR               ;; return

   \                                 In section .text, align 2
   \   __interwork __vfp char const * std::_Array_const_iterator<char, 40U>::_Unchecked() const
   \                     _ZNKSt21_Array_const_iteratorIcLj40EE10_UncheckedEv: (+1)
   \        0x0   0x6800             LDR      R0,[R0, #+0]
   \        0x2   0x4770             BX       LR               ;; return

   \                                 In section .text, align 2
   \   __interwork __vfp char const * std::_Array_const_iterator<char, 5U>::_Unchecked() const
   \                     _ZNKSt21_Array_const_iteratorIcLj5EE10_UncheckedEv: (+1)
   \        0x0   0x6800             LDR      R0,[R0, #+0]
   \        0x2   0x4770             BX       LR               ;; return

   \                                 In section .text, align 2
   \   __code __interwork __vfp std::_Array_iterator<char, 40U>::_Array_iterator(char *, size_t)
   \                     _ZNSt15_Array_iteratorIcLj40EEC1EPcj: (+1)
   \        0x0   0xB510             PUSH     {R4,LR}
   \        0x2   0x0004             MOVS     R4,R0
   \        0x4   0x0020             MOVS     R0,R4
   \        0x6   0x....'....        BL       _ZNSt21_Array_const_iteratorIcLj40EEC2EPKcj
   \        0xA   0x0020             MOVS     R0,R4
   \        0xC   0xBD10             POP      {R4,PC}          ;; return

   \                                 In section .text, align 2
   \   __code __interwork __vfp std::_Array_iterator<char, 5U>::_Array_iterator(char *, size_t)
   \                     _ZNSt15_Array_iteratorIcLj5EEC1EPcj: (+1)
   \        0x0   0xB510             PUSH     {R4,LR}
   \        0x2   0x0004             MOVS     R4,R0
   \        0x4   0x0020             MOVS     R0,R4
   \        0x6   0x....'....        BL       _ZNSt21_Array_const_iteratorIcLj5EEC2EPKcj
   \        0xA   0x0020             MOVS     R0,R4
   \        0xC   0xBD10             POP      {R4,PC}          ;; return

   \                                 In section .text, align 2
   \   __interwork __vfp std::_Array_iterator<char, 40U> &std::_Array_iterator<char, 40U>::_Rechecked(char *)
   \                     _ZNSt15_Array_iteratorIcLj40EE10_RecheckedEPc: (+1)
   \        0x0   0xB510             PUSH     {R4,LR}
   \        0x2   0x0004             MOVS     R4,R0
   \        0x4   0x0020             MOVS     R0,R4
   \        0x6   0x....'....        BL       _ZNSt21_Array_const_iteratorIcLj40EE10_RecheckedEPKc
   \        0xA   0x0020             MOVS     R0,R4
   \        0xC   0xBD10             POP      {R4,PC}          ;; return

   \                                 In section .text, align 2
   \   __interwork __vfp std::_Array_iterator<char, 5U> &std::_Array_iterator<char, 5U>::_Rechecked(char *)
   \                     _ZNSt15_Array_iteratorIcLj5EE10_RecheckedEPc: (+1)
   \        0x0   0xB510             PUSH     {R4,LR}
   \        0x2   0x0004             MOVS     R4,R0
   \        0x4   0x0020             MOVS     R0,R4
   \        0x6   0x....'....        BL       _ZNSt21_Array_const_iteratorIcLj5EE10_RecheckedEPKc
   \        0xA   0x0020             MOVS     R0,R4
   \        0xC   0xBD10             POP      {R4,PC}          ;; return

   \                                 In section .text, align 2
   \   __interwork __vfp char * std::_Array_iterator<char, 40U>::_Unchecked() const
   \                     _ZNKSt15_Array_iteratorIcLj40EE10_UncheckedEv: (+1)
   \        0x0   0xB580             PUSH     {R7,LR}
   \        0x2   0x....'....        BL       _ZNKSt21_Array_const_iteratorIcLj40EE10_UncheckedEv
   \        0x6   0xBD02             POP      {R1,PC}          ;; return

   \                                 In section .text, align 2
   \   __interwork __vfp char * std::_Array_iterator<char, 5U>::_Unchecked() const
   \                     _ZNKSt15_Array_iteratorIcLj5EE10_UncheckedEv: (+1)
   \        0x0   0xB580             PUSH     {R7,LR}
   \        0x2   0x....'....        BL       _ZNKSt21_Array_const_iteratorIcLj5EE10_UncheckedEv
   \        0x6   0xBD02             POP      {R1,PC}          ;; return

   \                                 In section .text, align 2
   \   __interwork __vfp char * std::_Unchecked<char, 40U>(std::_Array_iterator<char, 40U>)
   \                     _ZSt10_UncheckedIcLj40EENSt15_Array_iteratorIT_XT0_EE15_Unchecked_typeES2_: (+1)
   \        0x0   0xB501             PUSH     {R0,LR}
   \        0x2   0x4668             MOV      R0,SP
   \        0x4   0x....'....        BL       _ZNKSt15_Array_iteratorIcLj40EE10_UncheckedEv
   \        0x8   0xBD02             POP      {R1,PC}          ;; return

   \                                 In section .text, align 2
   \   __interwork __vfp char * std::_Unchecked<char, 5U>(std::_Array_iterator<char, 5U>)
   \                     _ZSt10_UncheckedIcLj5EENSt15_Array_iteratorIT_XT0_EE15_Unchecked_typeES2_: (+1)
   \        0x0   0xB501             PUSH     {R0,LR}
   \        0x2   0x4668             MOV      R0,SP
   \        0x4   0x....'....        BL       _ZNKSt15_Array_iteratorIcLj5EE10_UncheckedEv
   \        0x8   0xBD02             POP      {R1,PC}          ;; return

   \                                 In section .text, align 2
   \   __interwork __vfp std::_Array_iterator<char, 40U> &std::_Rechecked<char, 40U>(std::_Array_iterator<char, 40U> &, char *)
   \                     _ZSt10_RecheckedIcLj40EERSt15_Array_iteratorIT_XT0_EES3_NS2_15_Unchecked_typeE: (+1)
   \        0x0   0xB580             PUSH     {R7,LR}
   \        0x2   0x....'....        BL       _ZNSt15_Array_iteratorIcLj40EE10_RecheckedEPc
   \        0x6   0xBD02             POP      {R1,PC}          ;; return

   \                                 In section .text, align 2
   \   __interwork __vfp std::_Array_iterator<char, 5U> &std::_Rechecked<char, 5U>(std::_Array_iterator<char, 5U> &, char *)
   \                     _ZSt10_RecheckedIcLj5EERSt15_Array_iteratorIT_XT0_EES3_NS2_15_Unchecked_typeE: (+1)
   \        0x0   0xB580             PUSH     {R7,LR}
   \        0x2   0x....'....        BL       _ZNSt15_Array_iteratorIcLj5EE10_RecheckedEPc
   \        0x6   0xBD02             POP      {R1,PC}          ;; return

   \                                 In section .text, align 2
   \   __interwork __vfp char *std::_Copy_impl<char const *, char *>(char const *, char const *, char *, std::_Scalar_ptr_iterator_tag)
   \                     _ZSt10_Copy_implIPKcPcET0_T_S4_S3_St24_Scalar_ptr_iterator_tag: (+1)
   \        0x0   0xB570             PUSH     {R4-R6,LR}
   \        0x2   0x000C             MOVS     R4,R1
   \        0x4   0x0015             MOVS     R5,R2
   \        0x6   0x1A24             SUBS     R4,R4,R0
   \        0x8   0x0022             MOVS     R2,R4
   \        0xA   0x002E             MOVS     R6,R5
   \        0xC   0x0001             MOVS     R1,R0
   \        0xE   0x0030             MOVS     R0,R6
   \       0x10   0x....'....        BL       __aeabi_memmove
   \       0x14   0xEB05 0x0004      ADD      R0,R5,R4
   \       0x18   0xBD70             POP      {R4-R6,PC}       ;; return

   \                                 In section .text, align 2
   \   __interwork __vfp char * std::_Copy_impl<char const *, char *>(char const *, char const *, char *)
   \                     _ZSt10_Copy_implIPKcPcET0_T_S4_S3_: (+1)
   \        0x0   0xB570             PUSH     {R4-R6,LR}
   \        0x2   0x0004             MOVS     R4,R0
   \        0x4   0x000D             MOVS     R5,R1
   \        0x6   0x0016             MOVS     R6,R2
   \        0x8   0x0031             MOVS     R1,R6
   \        0xA   0x0020             MOVS     R0,R4
   \        0xC   0x....'....        BL       _ZSt8_Ptr_catPKcPc
   \       0x10   0x0003             MOVS     R3,R0
   \       0x12   0x0032             MOVS     R2,R6
   \       0x14   0x0029             MOVS     R1,R5
   \       0x16   0x0020             MOVS     R0,R4
   \       0x18   0x....'....        BL       _ZSt10_Copy_implIPKcPcET0_T_S4_S3_St24_Scalar_ptr_iterator_tag
   \       0x1C   0xBD70             POP      {R4-R6,PC}       ;; return

   \                                 In section .text, align 2
   \   __interwork __vfp std::array<char, 40U>::iterator std::copy<char const *, std::array<char, 40U>::iterator>(char const *, char const *, std::array<char, 40U>::iterator)
   \                     _ZSt4copyIPKcSt15_Array_iteratorIcLj40EEET0_T_S5_S4_: (+1)
   \        0x0   0xB576             PUSH     {R1,R2,R4-R6,LR}
   \        0x2   0x0004             MOVS     R4,R0
   \        0x4   0x000D             MOVS     R5,R1
   \        0x6   0x9801             LDR      R0,[SP, #+4]
   \        0x8   0x....'....        BL       _ZSt10_UncheckedIcLj40EENSt15_Array_iteratorIT_XT0_EE15_Unchecked_typeES2_
   \        0xC   0x0006             MOVS     R6,R0
   \        0xE   0x0028             MOVS     R0,R5
   \       0x10   0x....'....        BL       _ZSt10_UncheckedIPKcET_S2_
   \       0x14   0x0005             MOVS     R5,R0
   \       0x16   0x0020             MOVS     R0,R4
   \       0x18   0x....'....        BL       _ZSt10_UncheckedIPKcET_S2_
   \       0x1C   0x0032             MOVS     R2,R6
   \       0x1E   0x0029             MOVS     R1,R5
   \       0x20   0x....'....        BL       _ZSt10_Copy_implIPKcPcET0_T_S4_S3_
   \       0x24   0x0001             MOVS     R1,R0
   \       0x26   0xA801             ADD      R0,SP,#+4
   \       0x28   0x....'....        BL       _ZSt10_RecheckedIcLj40EERSt15_Array_iteratorIT_XT0_EES3_NS2_15_Unchecked_typeE
   \       0x2C   0x6800             LDR      R0,[R0, #+0]
   \       0x2E   0xBD76             POP      {R1,R2,R4-R6,PC}  ;; return

   \                                 In section .text, align 2
   \   __interwork __vfp std::array<char, 5U>::iterator std::copy<char const *, std::array<char, 5U>::iterator>(char const *, char const *, std::array<char, 5U>::iterator)
   \                     _ZSt4copyIPKcSt15_Array_iteratorIcLj5EEET0_T_S5_S4_: (+1)
   \        0x0   0xB576             PUSH     {R1,R2,R4-R6,LR}
   \        0x2   0x0004             MOVS     R4,R0
   \        0x4   0x000D             MOVS     R5,R1
   \        0x6   0x9801             LDR      R0,[SP, #+4]
   \        0x8   0x....'....        BL       _ZSt10_UncheckedIcLj5EENSt15_Array_iteratorIT_XT0_EE15_Unchecked_typeES2_
   \        0xC   0x0006             MOVS     R6,R0
   \        0xE   0x0028             MOVS     R0,R5
   \       0x10   0x....'....        BL       _ZSt10_UncheckedIPKcET_S2_
   \       0x14   0x0005             MOVS     R5,R0
   \       0x16   0x0020             MOVS     R0,R4
   \       0x18   0x....'....        BL       _ZSt10_UncheckedIPKcET_S2_
   \       0x1C   0x0032             MOVS     R2,R6
   \       0x1E   0x0029             MOVS     R1,R5
   \       0x20   0x....'....        BL       _ZSt10_Copy_implIPKcPcET0_T_S4_S3_
   \       0x24   0x0001             MOVS     R1,R0
   \       0x26   0xA801             ADD      R0,SP,#+4
   \       0x28   0x....'....        BL       _ZSt10_RecheckedIcLj5EERSt15_Array_iteratorIT_XT0_EES3_NS2_15_Unchecked_typeE
   \       0x2C   0x6800             LDR      R0,[R0, #+0]
   \       0x2E   0xBD76             POP      {R1,R2,R4-R6,PC}  ;; return

   \                                 In section .text, align 2
   \   __interwork __vfp std::array<char, 40U>::iterator std::array<char, 40U>::begin()
   \                     _ZNSt5arrayIcLj40EE5beginEv: (+1)
   \        0x0   0xB580             PUSH     {R7,LR}
   \        0x2   0x....'....        BL       _ZSt9addressofIcEPT_RS0_
   \        0x6   0x2200             MOVS     R2,#+0
   \        0x8   0x0001             MOVS     R1,R0
   \        0xA   0x4668             MOV      R0,SP
   \        0xC   0x....'....        BL       _ZNSt15_Array_iteratorIcLj40EEC1EPcj
   \       0x10   0x6800             LDR      R0,[R0, #+0]
   \       0x12   0xBD02             POP      {R1,PC}          ;; return

   \                                 In section .text, align 2
   \   __interwork __vfp std::array<char, 5U>::iterator std::array<char, 5U>::begin()
   \                     _ZNSt5arrayIcLj5EE5beginEv: (+1)
   \        0x0   0xB580             PUSH     {R7,LR}
   \        0x2   0x....'....        BL       _ZSt9addressofIcEPT_RS0_
   \        0x6   0x2200             MOVS     R2,#+0
   \        0x8   0x0001             MOVS     R1,R0
   \        0xA   0x4668             MOV      R0,SP
   \        0xC   0x....'....        BL       _ZNSt15_Array_iteratorIcLj5EEC1EPcj
   \       0x10   0x6800             LDR      R0,[R0, #+0]
   \       0x12   0xBD02             POP      {R1,PC}          ;; return

   \                                 In section .text, align 2
   \   __interwork __vfp char const *std::array<char, 5U>::data() const
   \                     _ZNKSt5arrayIcLj5EE4dataEv: (+1)
   \        0x0   0x4770             BX       LR               ;; return

   \                                 In section .text, align 2
   \   __code __interwork __vfp SusuString<40U>::SusuString()
   \                     _ZN10SusuStringILj40EEC1Ev: (+1)
   \        0x0   0x2128             MOVS     R1,#+40
   \        0x2   0x6281             STR      R1,[R0, #+40]
   \        0x4   0x4770             BX       LR               ;; return

   \                                 In section .text, align 2
   \   __code __interwork __vfp SusuString<5U>::SusuString()
   \                     _ZN10SusuStringILj5EEC1Ev: (+1)
   \        0x0   0x2105             MOVS     R1,#+5
   \        0x2   0x6081             STR      R1,[R0, #+8]
   \        0x4   0x4770             BX       LR               ;; return

   \                                 In section .text, align 2
   \   __interwork __vfp void SusuString<40U>::Set<40U>(char const (&)[40])
   \                     _ZN10SusuStringILj40EE3SetILj40EEEvRAT__Kc: (+1)
   \        0x0   0xB510             PUSH     {R4,LR}
   \        0x2   0x000C             MOVS     R4,R1
   \        0x4   0x....'....        BL       _ZNSt5arrayIcLj40EE5beginEv
   \        0x8   0x0002             MOVS     R2,R0
   \        0xA   0xF114 0x0127      ADDS     R1,R4,#+39
   \        0xE   0x0020             MOVS     R0,R4
   \       0x10   0x....'....        BL       _ZSt4copyIPKcSt15_Array_iteratorIcLj40EEET0_T_S5_S4_
   \       0x14   0xBD10             POP      {R4,PC}          ;; return

   \                                 In section .text, align 2
   \   __interwork __vfp void SusuString<5U>::Set<3U>(char const (&)[3])
   \                     _ZN10SusuStringILj5EE3SetILj3EEEvRAT__Kc: (+1)
   \        0x0   0xB510             PUSH     {R4,LR}
   \        0x2   0x000C             MOVS     R4,R1
   \        0x4   0x....'....        BL       _ZNSt5arrayIcLj5EE5beginEv
   \        0x8   0x0002             MOVS     R2,R0
   \        0xA   0x1CA1             ADDS     R1,R4,#+2
   \        0xC   0x0020             MOVS     R0,R4
   \        0xE   0x....'....        BL       _ZSt4copyIPKcSt15_Array_iteratorIcLj5EEET0_T_S5_S4_
   \       0x12   0xBD10             POP      {R4,PC}          ;; return

   \                                 In section .text, align 2
   \   __interwork __vfp void SusuString<5U>::Set<5U>(char const (&)[5])
   \                     _ZN10SusuStringILj5EE3SetILj5EEEvRAT__Kc: (+1)
   \        0x0   0xB510             PUSH     {R4,LR}
   \        0x2   0x000C             MOVS     R4,R1
   \        0x4   0x....'....        BL       _ZNSt5arrayIcLj5EE5beginEv
   \        0x8   0x0002             MOVS     R2,R0
   \        0xA   0x1D21             ADDS     R1,R4,#+4
   \        0xC   0x0020             MOVS     R0,R4
   \        0xE   0x....'....        BL       _ZSt4copyIPKcSt15_Array_iteratorIcLj5EEET0_T_S5_S4_
   \       0x12   0xBD10             POP      {R4,PC}          ;; return

   \                                 In section .text, align 2
   \   __interwork __vfp char const *SusuString<5U>::GetString() const
   \                     _ZNK10SusuStringILj5EE9GetStringEv: (+1)
   \        0x0   0xB580             PUSH     {R7,LR}
   \        0x2   0x....'....        BL       _ZNKSt5arrayIcLj5EE4dataEv
   \        0x6   0xBD02             POP      {R1,PC}          ;; return

   \                                 In section .text, align 2
   \   __interwork __vfp OsWrapper::TicksPerSecond std::chrono::duration_cast<OsWrapper::TicksPerSecond, __int64_t, std::milli>(std::chrono::duration<__int64_t, std::milli> const &)
   \                     _ZNSt6chrono13duration_castINS_8durationIjSt5ratioILx10ELx1000EEEExS2_ILx1ELx1000EEEENSt9enable_ifIXsr3std6chrono12_Is_durationIT_EE5valueES7_E4typeERKNS1_IT0_T1_EE: (+1)
   \        0x0   0xB5E0             PUSH     {R5-R7,LR}
   \        0x2   0x....'....        BL       _ZNKSt6chrono8durationIxSt5ratioILx1ELx1000EEE5countEv
   \        0x6   0x220A             MOVS     R2,#+10
   \        0x8   0x2300             MOVS     R3,#+0
   \        0xA   0x....'....        BL       __aeabi_ldivmod
   \        0xE   0x9001             STR      R0,[SP, #+4]
   \       0x10   0xA901             ADD      R1,SP,#+4
   \       0x12   0x4668             MOV      R0,SP
   \       0x14   0x....'....        BL       _ZNSt6chrono8durationIjSt5ratioILx10ELx1000EEEC1IjvEERKT_
   \       0x18   0x9800             LDR      R0,[SP, #+0]
   \       0x1A   0xBD0E             POP      {R1-R3,PC}       ;; return

   \                                 In section .text, align 2
   \   __code __interwork __vfp std::chrono::duration<uint32_t, std::ratio<10LL, 1000LL>>::duration<uint32_t, void>(uint32_t const &)
   \                     _ZNSt6chrono8durationIjSt5ratioILx10ELx1000EEEC1IjvEERKT_: (+1)
   \        0x0   0x6809             LDR      R1,[R1, #+0]
   \        0x2   0x6001             STR      R1,[R0, #+0]
   \        0x4   0x4770             BX       LR               ;; return

   \                                 In section .text, align 2
   \   __interwork __vfp __int64_t std::chrono::duration<__int64_t, std::milli>::count() const
   \                     _ZNKSt6chrono8durationIxSt5ratioILx1ELx1000EEE5countEv: (+1)
   \        0x0   0xE9D0 0x0100      LDRD     R0,R1,[R0, #+0]
   \        0x4   0x4770             BX       LR               ;; return

   \                                 In section .text, align 2
   \   __interwork __vfp uint32_t std::chrono::duration<uint32_t, std::ratio<10LL, 1000LL>>::count() const
   \                     _ZNKSt6chrono8durationIjSt5ratioILx10ELx1000EEE5countEv: (+1)
   \        0x0   0x6800             LDR      R0,[R0, #+0]
   \        0x2   0x4770             BX       LR               ;; return

   \                                 In section .rodata, align 1
   \   __absolute bool const std::chrono::system_clock::is_steady
   \                     _ZNSt6chrono12system_clock9is_steadyE:
   \        0x0   0x00               DC8 0

   \                                 In section .rodata, align 1
   \   __absolute bool const std::chrono::system_clock::is_monotonic
   \                     _ZNSt6chrono12system_clock12is_monotonicE:
   \        0x0   0x00               DC8 0

   \                                 In section .rodata, align 1
   \   __absolute bool const std::chrono::steady_clock::is_steady
   \                     _ZNSt6chrono12steady_clock9is_steadyE:
   \        0x0   0x01               DC8 1

   \                                 In section .text, align 2
   \   __interwork __vfp void OsWrapper::RtosWrapper::wSleep(uint32_t)
   \                     _ZN9OsWrapper11RtosWrapper6wSleepEj: (+1)
   \        0x0   0xB580             PUSH     {R7,LR}
   \        0x2   0x....'....        BL       vTaskDelay
   \        0x6   0xBD01             POP      {R0,PC}          ;; return

   \                                 In section .text, align 2
   \   __code __interwork __vfp OsWrapper::IThread::subobject IThread()
   \                     _ZN9OsWrapper7IThreadC2Ev: (+1)
   \        0x0   0xB580             PUSH     {R7,LR}
   \        0x2   0x....'....        BL       _ZN9OsWrapper7IThreadC1Ev
   \        0x6   0xBD02             POP      {R1,PC}          ;; return

   \                                 In section .text, align 2
   \   __code __interwork __vfp OsWrapper::IThread::IThread()
   \                     _ZN9OsWrapper7IThreadC1Ev: (+1)
   \        0x0   0x2100             MOVS     R1,#+0
   \        0x2   0x6541             STR      R1,[R0, #+84]
   \        0x4   0x2100             MOVS     R1,#+0
   \        0x6   0x6581             STR      R1,[R0, #+88]
   \        0x8   0x4770             BX       LR               ;; return

   \                                 In section .text, align 2
   \   __interwork __vfp void OsWrapper::IThread::Sleep(std::chrono::milliseconds)
   \                     _ZN9OsWrapper7IThread5SleepENSt6chrono8durationIxSt5ratioILx1ELx1000EEEE: (+1)
   \        0x0   0xB583             PUSH     {R0,R1,R7,LR}
   \        0x2   0xB082             SUB      SP,SP,#+8
   \        0x4   0xA802             ADD      R0,SP,#+8
   \        0x6   0x....'....        BL       _ZNSt6chrono13duration_castINS_8durationIjSt5ratioILx10ELx1000EEEExS2_ILx1ELx1000EEEENSt9enable_ifIXsr3std6chrono12_Is_durationIT_EE5valueES7_E4typeERKNS1_IT0_T1_EE
   \        0xA   0x9000             STR      R0,[SP, #+0]
   \        0xC   0x4668             MOV      R0,SP
   \        0xE   0x....'....        BL       _ZNKSt6chrono8durationIjSt5ratioILx10ELx1000EEE5countEv
   \       0x12   0x....'....        BL       _ZN9OsWrapper11RtosWrapper6wSleepEj
   \       0x16   0xB005             ADD      SP,SP,#+20
   \       0x18   0xBD00             POP      {PC}             ;; return

   \                                 In section .text, align 2
   \   __code __interwork __vfp OsWrapper::Thread<512U>::subobject Thread()
   \                     _ZN9OsWrapper6ThreadILj512EEC2Ev: (+1)
   \        0x0   0xB580             PUSH     {R7,LR}
   \        0x2   0x....'....        BL       _ZN9OsWrapper6ThreadILj512EEC1Ev
   \        0x6   0xBD02             POP      {R1,PC}          ;; return

   \                                 In section .text, align 2
   \   __code __interwork __vfp OsWrapper::Thread<512U>::Thread()
   \                     _ZN9OsWrapper6ThreadILj512EEC1Ev: (+1)
   \        0x0   0xB510             PUSH     {R4,LR}
   \        0x2   0x0004             MOVS     R4,R0
   \        0x4   0x0020             MOVS     R0,R4
   \        0x6   0x....'....        BL       _ZN9OsWrapper7IThreadC2Ev
   \        0xA   0x0020             MOVS     R0,R4
   \        0xC   0xBD10             POP      {R4,PC}          ;; return

   \                                 In section .text, align 4
   \   __interwork __vfp SusuString<40U> Format::GetDisplayTemperatureFormat(vFormat const &)
   \                     _ZN6Format27GetDisplayTemperatureFormatERKSt4pairI10SusuStringILj5EEfE: (+1)
   \        0x0   0xB578             PUSH     {R3-R6,LR}
   \        0x2   0xB095             SUB      SP,SP,#+84
   \        0x4   0x0004             MOVS     R4,R0
   \        0x6   0x000D             MOVS     R5,R1
   \        0x8   0x0028             MOVS     R0,R5
   \        0xA   0x....'....        BL       _ZSt3getILj0E10SusuStringILj5EEfERKNSt13tuple_elementIXT_ESt4pairIT0_T1_EE4typeERKS6_
   \        0xE   0x....'....        BL       _ZNK10SusuStringILj5EE9GetStringEv
   \       0x12   0x0006             MOVS     R6,R0
   \       0x14   0x0028             MOVS     R0,R5
   \       0x16   0x....'....        BL       _ZSt3getILj1E10SusuStringILj5EEfERKNSt13tuple_elementIXT_ESt4pairIT0_T1_EE4typeERKS6_
   \       0x1A   0x9602             STR      R6,[SP, #+8]
   \       0x1C   0x6800             LDR      R0,[R0, #+0]
   \       0x1E   0x....'....        BL       __aeabi_f2d
   \       0x22   0xE9CD 0x0100      STRD     R0,R1,[SP, #+0]
   \       0x26   0x4A09             LDR.N    R2,??GetDisplayTemperatureFormat_0
   \       0x28   0x4909             LDR.N    R1,??GetDisplayTemperatureFormat_0+0x4
   \       0x2A   0xA80B             ADD      R0,SP,#+44
   \       0x2C   0x....'....        BL       sprintf
   \       0x30   0x4668             MOV      R0,SP
   \       0x32   0x....'....        BL       _ZN10SusuStringILj40EEC1Ev
   \       0x36   0xA90B             ADD      R1,SP,#+44
   \       0x38   0x....'....        BL       _ZN10SusuStringILj40EE3SetILj40EEEvRAT__Kc
   \       0x3C   0x0020             MOVS     R0,R4
   \       0x3E   0x4669             MOV      R1,SP
   \       0x40   0x222C             MOVS     R2,#+44
   \       0x42   0x....'....        BL       __aeabi_memcpy4
   \       0x46   0xB016             ADD      SP,SP,#+88
   \       0x48   0xBD70             POP      {R4-R6,PC}       ;; return
   \       0x4A   0xBF00             Nop      
   \                     ??GetDisplayTemperatureFormat_0:
   \       0x4C   0x....'....        DC32     _ZZN6Format27GetDisplayTemperatureFormatERKSt4pairI10SusuStringILj5EEfEEs_0
   \       0x50   0x....'....        DC32     _ZZN6Format27GetDisplayTemperatureFormatERKSt4pairI10SusuStringILj5EEfEEs

   \                                 In section .rodata, align 4
   \   __absolute float const Filter::dt
   \                     _ZN6Filter2dtE:
   \        0x0   0x42C8'0000        DC32 0x42c8'0000

   \                                 In section .rodata, align 4
   \   __absolute float const Filter::RC
   \                     _ZN6Filter2RCE:
   \        0x0   0x447A'0000        DC32 0x447a'0000

   \                                 In section .bss, align 4
   \   __absolute float const Filter::tay
   \                     _ZN6Filter3tayE:
   \        0x0                      DS8 4

   \                                 In section .text, align 4
   \   __interwork __vfp vFormat Kelvin::GetTemperature(float) const
   \                     _ZNK6Kelvin14GetTemperatureEf: (+1)
   \        0x0   0xB51F             PUSH     {R0-R4,LR}
   \        0x2   0x0004             MOVS     R4,R0
   \        0x4   0xEDDF 0x0A0D      VLDR.W   S1,??GetTemperature_0  ;; 0xc2000000
   \        0x8   0xEE30 0x0A20      VADD.F32 S0,S0,S1
   \        0xC   0xEDDF 0x0A0C      VLDR.W   S1,??GetTemperature_0+0x4  ;; 0x3fe66666
   \       0x10   0xED9F 0x1A0C      VLDR.W   S2,??GetTemperature_0+0x8  ;; 0x43889333
   \       0x14   0xEE00 0x1A20      VMLA.F32 S2,S0,S1
   \       0x18   0xED9F 0x0A0B      VLDR.W   S0,??GetTemperature_0+0xC  ;; 0x42100000
   \       0x1C   0xEE31 0x0A00      VADD.F32 S0,S2,S0
   \       0x20   0xED8D 0x0A00      VSTR     S0,[SP, #+0]
   \       0x24   0xA801             ADD      R0,SP,#+4
   \       0x26   0x....'....        BL       _ZN10SusuStringILj5EEC1Ev
   \       0x2A   0x4908             LDR.N    R1,??GetTemperature_0+0x10
   \       0x2C   0x....'....        BL       _ZN10SusuStringILj5EE3SetILj3EEEvRAT__Kc
   \       0x30   0x466A             MOV      R2,SP
   \       0x32   0xA901             ADD      R1,SP,#+4
   \       0x34   0x0020             MOVS     R0,R4
   \       0x36   0x....'....        BL       _ZSt9make_pairIR10SusuStringILj5EERfESt4pairINSt10_UnrefwrapIT_E4typeENS5_IT0_E4typeEEOS6_OS9_
   \       0x3A   0xBD1F             POP      {R0-R4,PC}       ;; return
   \                     ??GetTemperature_0:
   \       0x3C   0xC200'0000        DC32     0xc2000000
   \       0x40   0x3FE6'6666        DC32     0x3fe66666
   \       0x44   0x4388'9333        DC32     0x43889333
   \       0x48   0x4210'0000        DC32     0x42100000
   \       0x4C   0x....'....        DC32     _ZZNK6Kelvin14GetTemperatureEfEs

   \                                 In section .text, align 4
   \   __interwork __vfp vFormat Celsius::GetTemperature(float) const
   \                     _ZNK7Celsius14GetTemperatureEf: (+1)
   \        0x0   0xB51F             PUSH     {R0-R4,LR}
   \        0x2   0x0004             MOVS     R4,R0
   \        0x4   0xEDDF 0x0A0B      VLDR.W   S1,??GetTemperature_1  ;; 0xc2000000
   \        0x8   0xEE30 0x0A20      VADD.F32 S0,S0,S1
   \        0xC   0xEDDF 0x0A0A      VLDR.W   S1,??GetTemperature_1+0x4  ;; 0x3fe66666
   \       0x10   0xED9F 0x1A0A      VLDR.W   S2,??GetTemperature_1+0x8  ;; 0x42100000
   \       0x14   0xEE00 0x1A20      VMLA.F32 S2,S0,S1
   \       0x18   0xED8D 0x1A00      VSTR     S2,[SP, #+0]
   \       0x1C   0xA801             ADD      R0,SP,#+4
   \       0x1E   0x....'....        BL       _ZN10SusuStringILj5EEC1Ev
   \       0x22   0x4907             LDR.N    R1,??GetTemperature_1+0xC
   \       0x24   0x....'....        BL       _ZN10SusuStringILj5EE3SetILj5EEEvRAT__Kc
   \       0x28   0x466A             MOV      R2,SP
   \       0x2A   0xA901             ADD      R1,SP,#+4
   \       0x2C   0x0020             MOVS     R0,R4
   \       0x2E   0x....'....        BL       _ZSt9make_pairIR10SusuStringILj5EERfESt4pairINSt10_UnrefwrapIT_E4typeENS5_IT0_E4typeEEOS6_OS9_
   \       0x32   0xBD1F             POP      {R0-R4,PC}       ;; return
   \                     ??GetTemperature_1:
   \       0x34   0xC200'0000        DC32     0xc2000000
   \       0x38   0x3FE6'6666        DC32     0x3fe66666
   \       0x3C   0x4210'0000        DC32     0x42100000
   \       0x40   0x....'....        DC32     _ZZNK7Celsius14GetTemperatureEfEs

   \                                 In section .text, align 4
   \   __interwork __vfp vFormat Fahrenheit::GetTemperature(float) const
   \                     _ZNK10Fahrenheit14GetTemperatureEf: (+1)
   \        0x0   0xB51F             PUSH     {R0-R4,LR}
   \        0x2   0x0004             MOVS     R4,R0
   \        0x4   0xEDDF 0x0A09      VLDR.W   S1,??GetTemperature_2  ;; 0x3fe66666
   \        0x8   0xED9F 0x1A09      VLDR.W   S2,??GetTemperature_2+0x4  ;; 0x42000000
   \        0xC   0xEE00 0x1A20      VMLA.F32 S2,S0,S1
   \       0x10   0xED8D 0x1A00      VSTR     S2,[SP, #+0]
   \       0x14   0xA801             ADD      R0,SP,#+4
   \       0x16   0x....'....        BL       _ZN10SusuStringILj5EEC1Ev
   \       0x1A   0x4906             LDR.N    R1,??GetTemperature_2+0x8
   \       0x1C   0x....'....        BL       _ZN10SusuStringILj5EE3SetILj3EEEvRAT__Kc
   \       0x20   0x466A             MOV      R2,SP
   \       0x22   0xA901             ADD      R1,SP,#+4
   \       0x24   0x0020             MOVS     R0,R4
   \       0x26   0x....'....        BL       _ZSt9make_pairIR10SusuStringILj5EERfESt4pairINSt10_UnrefwrapIT_E4typeENS5_IT0_E4typeEEOS6_OS9_
   \       0x2A   0xBD1F             POP      {R0-R4,PC}       ;; return
   \                     ??GetTemperature_2:
   \       0x2C   0x3FE6'6666        DC32     0x3fe66666
   \       0x30   0x4200'0000        DC32     0x42000000
   \       0x34   0x....'....        DC32     _ZZNK10Fahrenheit14GetTemperatureEfEs

   \                                 In section .text, align 2, keep-with-next
   \   static __code __interwork __vfp <unnamed>::<_ZN41_INTERNAL_19_DisplayDirector_cpp_0b590272Ut_C1Ev>()
   \                     _ZN41_INTERNAL_19_DisplayDirector_cpp_0b590272Ut_C1Ev: (+1)
   \        0x0   0xB510             PUSH     {R4,LR}
   \        0x2   0x0004             MOVS     R4,R0
   \        0x4   0x0020             MOVS     R0,R4
   \        0x6   0x....'....        BL       _ZN10SusuStringILj5EEC1Ev
   \        0xA   0x0020             MOVS     R0,R4
   \        0xC   0xBD10             POP      {R4,PC}          ;; return

   \                                 In section .text, align 4, keep-with-next
   \   static __intrinsic __interwork __vfp void __sti__routine()
   \                     __sti__routine: (+1)
   \        0x0   0xB580             PUSH     {R7,LR}
   \        0x2   0x....             LDR.N    R1,??DataTable3_1
   \        0x4   0x7808             LDRB     R0,[R1, #+0]
   \        0x6   0x2800             CMP      R0,#+0
   \        0x8   0xD10C             BNE.N    ??__sti__routine_0
   \        0xA   0x2001             MOVS     R0,#+1
   \        0xC   0x7008             STRB     R0,[R1, #+0]
   \        0xE   0xED9F 0x....      VLDR.W   S0,??DataTable3  ;; 0xbdcccccd
   \       0x12   0x....'....        BL       expf
   \       0x16   0xEEF7 0x0A00      VMOV.F32 S1,#1.0
   \       0x1A   0xEE30 0x0AC0      VSUB.F32 S0,S1,S0
   \       0x1E   0x....             LDR.N    R0,??DataTable3_2
   \       0x20   0xED80 0x0A00      VSTR     S0,[R0, #0]
   \                     ??__sti__routine_0: (+1)
   \       0x24   0x....             LDR.N    R0,??DataTable3_3
   \       0x26   0x....'....        BL       _ZN41_INTERNAL_19_DisplayDirector_cpp_0b590272Ut_C1Ev
   \       0x2A   0xBD01             POP      {R0,PC}          ;; return

   \                                 In section .bss, align 4
   \   static __absolute struct <unnamed> TData
   \                     TData:
   \        0x0                      DS8 16

   \                                 In section .rodata, align 4
   \   __absolute Fahrenheit const TemperatureTask::fahrenheit
   \                     _ZN15TemperatureTask10fahrenheitE:
   \        0x0   0x....'....        DC32 _ZTV10Fahrenheit + 0x8

   \                                 In section .rodata, align 4
   \   __absolute Kelvin const TemperatureTask::kelvin
   \                     _ZN15TemperatureTask6kelvinE:
   \        0x0   0x....'....        DC32 _ZTV6Kelvin + 0x8

   \                                 In section .rodata, align 4
   \   __absolute Celsius const TemperatureTask::celsius
   \                     _ZN15TemperatureTask7celsiusE:
   \        0x0   0x....'....        DC32 _ZTV7Celsius + 0x8
      2          #include "Format.hpp"
      3          #include <iostream>
      4          

   \                                 In section .text, align 2, keep-with-next
   \   __code __interwork __vfp DisplayDirector::subobject DisplayDirector(IDisplayView &, TemperatureTask &)
   \                     _ZN15DisplayDirectorC2ER12IDisplayViewR15TemperatureTask: (+1)
   \        0x0   0xB580             PUSH     {R7,LR}
   \        0x2   0x....'....        BL       _ZN15DisplayDirectorC1ER12IDisplayViewR15TemperatureTask
   \        0x6   0xBD02             POP      {R1,PC}          ;; return

   \                                 In section .text, align 2, keep-with-next
      5          DisplayDirector::DisplayDirector(IDisplayView& view, TemperatureTask& mytempdir): myView(view), tempdir(mytempdir)  {};
   \                     _ZN15DisplayDirectorC1ER12IDisplayViewR15TemperatureTask: (+1)
   \        0x0   0xB570             PUSH     {R4-R6,LR}
   \        0x2   0x0004             MOVS     R4,R0
   \        0x4   0x000D             MOVS     R5,R1
   \        0x6   0x0016             MOVS     R6,R2
   \        0x8   0x0020             MOVS     R0,R4
   \        0xA   0x....'....        BL       _ZN9OsWrapper6ThreadILj512EEC2Ev
   \        0xE   0x....             LDR.N    R0,??DataTable3_4
   \       0x10   0x6020             STR      R0,[R4, #+0]
   \       0x12   0xF8C4 0x585C      STR      R5,[R4, #+2140]
   \       0x16   0xF8C4 0x6860      STR      R6,[R4, #+2144]
   \       0x1A   0x0020             MOVS     R0,R4
   \       0x1C   0xBD70             POP      {R4-R6,PC}       ;; return
      6          

   \                                 In section .text, align 2, keep-with-next
      7          void DisplayDirector::Execute() {
   \                     _ZN15DisplayDirector7ExecuteEv: (+1)
   \        0x0   0xB510             PUSH     {R4,LR}
   \        0x2   0xB09E             SUB      SP,SP,#+120
   \        0x4   0x0004             MOVS     R4,R0
   \                     ??Execute_0: (+1)
   \        0x6   0xF8D4 0x1860      LDR      R1,[R4, #+2144]
   \        0xA   0x4668             MOV      R0,SP
   \        0xC   0x....'....        BL       _ZN15TemperatureTask7GetDataEv
      8            for(;;){
      9            //tFormatData x = sensordirector.GetData();
     10            //SusuString<5> name;
     11            //name.Set("C  ");
     12            //float Value = 2;
     13            //tFormatData x = std::make_tuple(name,Value);
     14            vFormat x = tempdir.GetData();
   \       0x10   0xA804             ADD      R0,SP,#+16
   \       0x12   0x4669             MOV      R1,SP
   \       0x14   0x2210             MOVS     R2,#+16
   \       0x16   0x....'....        BL       __aeabi_memcpy4
   \       0x1A   0xA904             ADD      R1,SP,#+16
   \       0x1C   0xA808             ADD      R0,SP,#+32
   \       0x1E   0x....'....        BL       _ZN6Format27GetDisplayTemperatureFormatERKSt4pairI10SusuStringILj5EEfE
     15            auto f = Format::GetDisplayTemperatureFormat(x); 
   \       0x22   0xA813             ADD      R0,SP,#+76
   \       0x24   0xA908             ADD      R1,SP,#+32
   \       0x26   0x222C             MOVS     R2,#+44
   \       0x28   0x....'....        BL       __aeabi_memcpy4
     16            myView.Update(f);
   \       0x2C   0xA913             ADD      R1,SP,#+76
   \       0x2E   0xF8D4 0x085C      LDR      R0,[R4, #+2140]
   \       0x32   0xF8D4 0x285C      LDR      R2,[R4, #+2140]
   \       0x36   0x6812             LDR      R2,[R2, #+0]
   \       0x38   0x6812             LDR      R2,[R2, #+0]
   \       0x3A   0x4790             BLX      R2
   \       0x3C   0x....             LDR.N    R2,??DataTable3_5
   \       0x3E   0xE9D2 0x0100      LDRD     R0,R1,[R2, #+0]
     17            Sleep(3000ms) ;
   \       0x42   0x....'....        BL       _ZN9OsWrapper7IThread5SleepENSt6chrono8durationIxSt5ratioILx1ELx1000EEEE
   \       0x46   0xE7DE             B.N      ??Execute_0
     18            }
     19          }

   \                                 In section .text, align 4, keep-with-next
   \                     ??DataTable3:
   \        0x0   0xBDCC'CCCD        DC32     0xbdcccccd

   \                                 In section .text, align 4, keep-with-next
   \                     ??DataTable3_1:
   \        0x0   0x....'....        DC32     _ZGVN6Filter3tayE

   \                                 In section .text, align 4, keep-with-next
   \                     ??DataTable3_2:
   \        0x0   0x....'....        DC32     _ZN6Filter3tayE

   \                                 In section .text, align 4, keep-with-next
   \                     ??DataTable3_3:
   \        0x0   0x....'....        DC32     TData

   \                                 In section .text, align 4, keep-with-next
   \                     ??DataTable3_4:
   \        0x0   0x....'....        DC32     _ZTV15DisplayDirector+0x8

   \                                 In section .text, align 4, keep-with-next
   \                     ??DataTable3_5:
   \        0x0   0x....'....        DC32     ?_0

   \                                 In section .rodata, align 8
   \                     ?_0:
   \        0x0   0x0000'0000'0      DC64 3'000
   \              000'0BB8     

   Maximum stack usage in bytes:

   .cstack Function
   ------- --------
       8   <unnamed>::<_ZN41_INTERNAL_19_DisplayDirector_cpp_0b590272Ut_C1Ev>()
         8   -> SusuString<5U>::SusuString()
      24   Celsius::GetTemperature(float) const
        24   -> SusuString<5U>::Set<5U>(char const (&)[5])
        24   -> SusuString<5U>::SusuString()
        24   -> std::make_pair<SusuString<5U> &, float &>(SusuString<5U> &, float &)
      16   DisplayDirector::DisplayDirector(IDisplayView &, TemperatureTask &)
        16   -> OsWrapper::Thread<512U>::subobject Thread()
     128   DisplayDirector::Execute()
       128   -- Indirect call
       128   -> Format::GetDisplayTemperatureFormat(vFormat const &)
       128   -> OsWrapper::IThread::Sleep(std::chrono::milliseconds)
       128   -> TemperatureTask::GetData()
       128   -> __aeabi_memcpy4
       8   DisplayDirector::subobject DisplayDirector(IDisplayView &, TemperatureTask &)
         8   -> DisplayDirector::DisplayDirector(IDisplayView &, TemperatureTask &)
      24   Fahrenheit::GetTemperature(float) const
        24   -> SusuString<5U>::Set<3U>(char const (&)[3])
        24   -> SusuString<5U>::SusuString()
        24   -> std::make_pair<SusuString<5U> &, float &>(SusuString<5U> &, float &)
     104   Format::GetDisplayTemperatureFormat(vFormat const &)
       104   -> SusuString<40U>::Set<40U>(char const (&)[40])
       104   -> SusuString<40U>::SusuString()
       104   -> SusuString<5U>::GetString() const
       104   -> __aeabi_f2d
       104   -> __aeabi_memcpy4
       104   -> sprintf
       104   -> std::get<0U, SusuString<5U>, float>(std::pair<SusuString<5U>, float> const &)
       104   -> std::get<1U, SusuString<5U>, float>(std::pair<SusuString<5U>, float> const &)
      24   Kelvin::GetTemperature(float) const
        24   -> SusuString<5U>::Set<3U>(char const (&)[3])
        24   -> SusuString<5U>::SusuString()
        24   -> std::make_pair<SusuString<5U> &, float &>(SusuString<5U> &, float &)
       0   OsWrapper::IThread::IThread()
      24   OsWrapper::IThread::Sleep(std::chrono::milliseconds)
        24   -> OsWrapper::RtosWrapper::wSleep(uint32_t)
        24   -> std::chrono::duration<uint32_t, std::ratio<10LL, 1000LL>>::count() const
        24   -> std::chrono::duration_cast<OsWrapper::TicksPerSecond, __int64_t, std::milli>(std::chrono::duration<__int64_t, std::milli> const &)
       8   OsWrapper::IThread::subobject IThread()
         8   -> OsWrapper::IThread::IThread()
       8   OsWrapper::RtosWrapper::wSleep(uint32_t)
         8   -> vTaskDelay
       8   OsWrapper::Thread<512U>::Thread()
         8   -> OsWrapper::IThread::subobject IThread()
       8   OsWrapper::Thread<512U>::subobject Thread()
         8   -> OsWrapper::Thread<512U>::Thread()
       8   SusuString<40U>::Set<40U>(char const (&)[40])
         8   -> std::array<char, 40U>::begin()
         8   -> std::copy<char const *, std::array<char, 40U>::iterator>(char const *, char const *, std::array<char, 40U>::iterator)
       0   SusuString<40U>::SusuString()
       8   SusuString<5U>::GetString() const
         8   -> std::array<char, 5U>::data() const
       8   SusuString<5U>::Set<3U>(char const (&)[3])
         8   -> std::array<char, 5U>::begin()
         8   -> std::copy<char const *, std::array<char, 5U>::iterator>(char const *, char const *, std::array<char, 5U>::iterator)
       8   SusuString<5U>::Set<5U>(char const (&)[5])
         8   -> std::array<char, 5U>::begin()
         8   -> std::copy<char const *, std::array<char, 5U>::iterator>(char const *, char const *, std::array<char, 5U>::iterator)
       0   SusuString<5U>::SusuString()
       8   __sti__routine()
         8   -> <unnamed>::<_ZN41_INTERNAL_19_DisplayDirector_cpp_0b590272Ut_C1Ev>()
         8   -> expf
       0   std::_Addressof<char>(char &, std::false_type)
       0   std::_Array_const_iterator<char, 40U>::_Array_const_iterator(char const *, size_t)
       0   std::_Array_const_iterator<char, 40U>::_Rechecked(char const *)
       0   std::_Array_const_iterator<char, 40U>::_Unchecked() const
       8   std::_Array_const_iterator<char, 40U>::subobject _Array_const_iterator(char const *, size_t)
         8   -> std::_Array_const_iterator<char, 40U>::_Array_const_iterator(char const *, size_t)
       0   std::_Array_const_iterator<char, 5U>::_Array_const_iterator(char const *, size_t)
       0   std::_Array_const_iterator<char, 5U>::_Rechecked(char const *)
       0   std::_Array_const_iterator<char, 5U>::_Unchecked() const
       8   std::_Array_const_iterator<char, 5U>::subobject _Array_const_iterator(char const *, size_t)
         8   -> std::_Array_const_iterator<char, 5U>::_Array_const_iterator(char const *, size_t)
       8   std::_Array_iterator<char, 40U>::_Array_iterator(char *, size_t)
         8   -> std::_Array_const_iterator<char, 40U>::subobject _Array_const_iterator(char const *, size_t)
       8   std::_Array_iterator<char, 40U>::_Rechecked(char *)
         8   -> std::_Array_const_iterator<char, 40U>::_Rechecked(char const *)
       8   std::_Array_iterator<char, 40U>::_Unchecked() const
         8   -> std::_Array_const_iterator<char, 40U>::_Unchecked() const
       8   std::_Array_iterator<char, 5U>::_Array_iterator(char *, size_t)
         8   -> std::_Array_const_iterator<char, 5U>::subobject _Array_const_iterator(char const *, size_t)
       8   std::_Array_iterator<char, 5U>::_Rechecked(char *)
         8   -> std::_Array_const_iterator<char, 5U>::_Rechecked(char const *)
       8   std::_Array_iterator<char, 5U>::_Unchecked() const
         8   -> std::_Array_const_iterator<char, 5U>::_Unchecked() const
      16   std::_Copy_impl<char const *, char *>(char const *, char const *, char *)
        16   -> std::_Copy_impl<char const *, char *>(char const *, char const *, char *, std::_Scalar_ptr_iterator_tag)
        16   -> std::_Ptr_cat(char const *, char *)
      16   std::_Copy_impl<char const *, char *>(char const *, char const *, char *, std::_Scalar_ptr_iterator_tag)
        16   -> __aeabi_memmove
       0   std::_Pair_get<SusuString<5U> const &, std::pair<SusuString<5U>, float> const>(std::pair<SusuString<5U>, float> const &, std::integral_constant<size_t, 0U>)
       0   std::_Pair_get<float const &, std::pair<SusuString<5U>, float> const>(std::pair<SusuString<5U>, float> const &, std::integral_constant<size_t, 1U>)
       0   std::_Ptr_cat(char const *, char *)
       8   std::_Rechecked<char, 40U>(std::_Array_iterator<char, 40U> &, char *)
         8   -> std::_Array_iterator<char, 40U>::_Rechecked(char *)
       8   std::_Rechecked<char, 5U>(std::_Array_iterator<char, 5U> &, char *)
         8   -> std::_Array_iterator<char, 5U>::_Rechecked(char *)
       0   std::_Unchecked<char const *>(char const *)
       8   std::_Unchecked<char, 40U>(std::_Array_iterator<char, 40U>)
         8   -> std::_Array_iterator<char, 40U>::_Unchecked() const
       8   std::_Unchecked<char, 5U>(std::_Array_iterator<char, 5U>)
         8   -> std::_Array_iterator<char, 5U>::_Unchecked() const
       8   std::addressof<char>(char &)
         8   -> std::_Addressof<char>(char &, std::false_type)
       8   std::array<char, 40U>::begin()
         8   -> std::_Array_iterator<char, 40U>::_Array_iterator(char *, size_t)
         8   -> std::addressof<char>(char &)
       8   std::array<char, 5U>::begin()
         8   -> std::_Array_iterator<char, 5U>::_Array_iterator(char *, size_t)
         8   -> std::addressof<char>(char &)
       0   std::array<char, 5U>::data() const
       0   std::chrono::duration<__int64_t, std::milli>::count() const
       0   std::chrono::duration<uint32_t, std::ratio<10LL, 1000LL>>::count() const
       0   std::chrono::duration<uint32_t, std::ratio<10LL, 1000LL>>::duration<uint32_t, void>(uint32_t const &)
      16   std::chrono::duration_cast<OsWrapper::TicksPerSecond, __int64_t, std::milli>(std::chrono::duration<__int64_t, std::milli> const &)
        16   -> std::chrono::duration<__int64_t, std::milli>::count() const
        16   -> std::chrono::duration<uint32_t, std::ratio<10LL, 1000LL>>::duration<uint32_t, void>(uint32_t const &)
        16 __aeabi_ldivmod
      24   std::copy<char const *, std::array<char, 40U>::iterator>(char const *, char const *, std::array<char, 40U>::iterator)
        24   -> std::_Copy_impl<char const *, char *>(char const *, char const *, char *)
        24   -> std::_Rechecked<char, 40U>(std::_Array_iterator<char, 40U> &, char *)
        24   -> std::_Unchecked<char const *>(char const *)
        24   -> std::_Unchecked<char, 40U>(std::_Array_iterator<char, 40U>)
      24   std::copy<char const *, std::array<char, 5U>::iterator>(char const *, char const *, std::array<char, 5U>::iterator)
        24   -> std::_Copy_impl<char const *, char *>(char const *, char const *, char *)
        24   -> std::_Rechecked<char, 5U>(std::_Array_iterator<char, 5U> &, char *)
        24   -> std::_Unchecked<char const *>(char const *)
        24   -> std::_Unchecked<char, 5U>(std::_Array_iterator<char, 5U>)
       0   std::forward<SusuString<5U> &>(SusuString<5U> &)
       0   std::forward<float &>(float &)
       8   std::get<0U, SusuString<5U>, float>(std::pair<SusuString<5U>, float> const &)
         8   -> std::_Pair_get<SusuString<5U> const &, std::pair<SusuString<5U>, float> const>(std::pair<SusuString<5U>, float> const &, std::integral_constant<size_t, 0U>)
       8   std::get<1U, SusuString<5U>, float>(std::pair<SusuString<5U>, float> const &)
         8   -> std::_Pair_get<float const &, std::pair<SusuString<5U>, float> const>(std::pair<SusuString<5U>, float> const &, std::integral_constant<size_t, 1U>)
      32   std::make_pair<SusuString<5U> &, float &>(SusuString<5U> &, float &)
        32   -> __aeabi_memcpy4
        32   -> std::forward<SusuString<5U> &>(SusuString<5U> &)
        32   -> std::forward<float &>(float &)
        32   -> std::pair<SusuString<5U>, float>::pair<SusuString<5U> &, float &, void>(SusuString<5U> &, float &)
      16   std::pair<SusuString<5U>, float>::pair<SusuString<5U> &, float &, void>(SusuString<5U> &, float &)
        16   -> std::forward<SusuString<5U> &>(SusuString<5U> &)
        16   -> std::forward<float &>(float &)


   Section sizes:

   Bytes  Function/Label
   -----  --------------
      14  <unnamed>::<_ZN41_INTERNAL_19_DisplayDirector_cpp_0b590272Ut_C1Ev>()
       4  ??DataTable3
       4  ??DataTable3_1
       4  ??DataTable3_2
       4  ??DataTable3_3
       4  ??DataTable3_4
       4  ??DataTable3_5
       8  ?_0
      68  Celsius::GetTemperature(float) const
      30  DisplayDirector::DisplayDirector(IDisplayView &, TemperatureTask &)
      72  DisplayDirector::Execute()
       8  DisplayDirector::subobject DisplayDirector(IDisplayView &, TemperatureTask &)
      56  Fahrenheit::GetTemperature(float) const
       4  Filter::RC
       4  Filter::dt
       4  Filter::tay
      84  Format::GetDisplayTemperatureFormat(vFormat const &)
      80  Kelvin::GetTemperature(float) const
      10  OsWrapper::IThread::IThread()
      26  OsWrapper::IThread::Sleep(std::chrono::milliseconds)
       8  OsWrapper::IThread::subobject IThread()
       8  OsWrapper::RtosWrapper::wSleep(uint32_t)
      14  OsWrapper::Thread<512U>::Thread()
       8  OsWrapper::Thread<512U>::subobject Thread()
      22  SusuString<40U>::Set<40U>(char const (&)[40])
       6  SusuString<40U>::SusuString()
       8  SusuString<5U>::GetString() const
      20  SusuString<5U>::Set<3U>(char const (&)[3])
      20  SusuString<5U>::Set<5U>(char const (&)[5])
       6  SusuString<5U>::SusuString()
      16  TData
       4  TemperatureTask::celsius
       4  TemperatureTask::fahrenheit
       4  TemperatureTask::kelvin
      44  __sti__routine()
       2  std::_Addressof<char>(char &, std::false_type)
       6  std::_Array_const_iterator<char, 40U>::_Array_const_iterator(char const *, size_t)
       4  std::_Array_const_iterator<char, 40U>::_Rechecked(char const *)
       4  std::_Array_const_iterator<char, 40U>::_Unchecked() const
       8  std::_Array_const_iterator<char, 40U>::subobject _Array_const_iterator(char const *, size_t)
       6  std::_Array_const_iterator<char, 5U>::_Array_const_iterator(char const *, size_t)
       4  std::_Array_const_iterator<char, 5U>::_Rechecked(char const *)
       4  std::_Array_const_iterator<char, 5U>::_Unchecked() const
       8  std::_Array_const_iterator<char, 5U>::subobject _Array_const_iterator(char const *, size_t)
      14  std::_Array_iterator<char, 40U>::_Array_iterator(char *, size_t)
      14  std::_Array_iterator<char, 40U>::_Rechecked(char *)
       8  std::_Array_iterator<char, 40U>::_Unchecked() const
      14  std::_Array_iterator<char, 5U>::_Array_iterator(char *, size_t)
      14  std::_Array_iterator<char, 5U>::_Rechecked(char *)
       8  std::_Array_iterator<char, 5U>::_Unchecked() const
      30  std::_Copy_impl<char const *, char *>(char const *, char const *, char *)
      26  std::_Copy_impl<char const *, char *>(char const *, char const *, char *, std::_Scalar_ptr_iterator_tag)
       2  std::_Pair_get<SusuString<5U> const &, std::pair<SusuString<5U>, float> const>(std::pair<SusuString<5U>, float> const &, std::integral_constant<size_t, 0U>)
       4  std::_Pair_get<float const &, std::pair<SusuString<5U>, float> const>(std::pair<SusuString<5U>, float> const &, std::integral_constant<size_t, 1U>)
       2  std::_Ptr_cat(char const *, char *)
       8  std::_Rechecked<char, 40U>(std::_Array_iterator<char, 40U> &, char *)
       8  std::_Rechecked<char, 5U>(std::_Array_iterator<char, 5U> &, char *)
       2  std::_Unchecked<char const *>(char const *)
      10  std::_Unchecked<char, 40U>(std::_Array_iterator<char, 40U>)
      10  std::_Unchecked<char, 5U>(std::_Array_iterator<char, 5U>)
       8  std::addressof<char>(char &)
      20  std::array<char, 40U>::begin()
      20  std::array<char, 5U>::begin()
       2  std::array<char, 5U>::data() const
       6  std::chrono::duration<__int64_t, std::milli>::count() const
       4  std::chrono::duration<uint32_t, std::ratio<10LL, 1000LL>>::count() const
       6  std::chrono::duration<uint32_t, std::ratio<10LL, 1000LL>>::duration<uint32_t, void>(uint32_t const &)
      28  std::chrono::duration_cast<OsWrapper::TicksPerSecond, __int64_t, std::milli>(std::chrono::duration<__int64_t, std::milli> const &)
       1  std::chrono::steady_clock::is_steady
       1  std::chrono::system_clock::is_monotonic
       1  std::chrono::system_clock::is_steady
      48  std::copy<char const *, std::array<char, 40U>::iterator>(char const *, char const *, std::array<char, 40U>::iterator)
      48  std::copy<char const *, std::array<char, 5U>::iterator>(char const *, char const *, std::array<char, 5U>::iterator)
       2  std::forward<SusuString<5U> &>(SusuString<5U> &)
       2  std::forward<float &>(float &)
       8  std::get<0U, SusuString<5U>, float>(std::pair<SusuString<5U>, float> const &)
       8  std::get<1U, SusuString<5U>, float>(std::pair<SusuString<5U>, float> const &)
      42  std::make_pair<SusuString<5U> &, float &>(SusuString<5U> &, float &)
      34  std::pair<SusuString<5U>, float>::pair<SusuString<5U> &, float &, void>(SusuString<5U> &, float &)
     357  -- Other

 
    21 bytes in section .bss
     4 bytes in section .init_array
   383 bytes in section .rodata
 1'142 bytes in section .text
 
 196 bytes of CODE  memory (+ 950 bytes shared)
   8 bytes of CONST memory (+ 375 bytes shared)
  16 bytes of DATA  memory (+   5 bytes shared)

Errors: none
Warnings: none
